{
  "stats": {
    "suites": 1,
    "tests": 1,
    "passes": 0,
    "pending": 0,
    "failures": 1,
    "start": "2022-06-02T23:21:27.913Z",
    "end": "2022-06-02T23:21:52.205Z",
    "duration": 24292,
    "testsRegistered": 1,
    "passPercent": 0,
    "pendingPercent": 0,
    "other": 0,
    "hasOther": false,
    "skipped": 0,
    "hasSkipped": false
  },
  "results": [
    {
      "uuid": "ed5a1942-e3cf-4f07-84e5-167412bcecad",
      "title": "",
      "fullFile": "C:\\Users\\mateu\\Documents\\CodeceptJSAppium\\qazando-automation\\steps\\search_google_test.js",
      "file": "\\steps\\search_google_test.js",
      "beforeHooks": [],
      "afterHooks": [],
      "tests": [],
      "suites": [
        {
          "uuid": "c2563068-909a-40d7-b454-62ae29603342",
          "title": "Search Google",
          "fullFile": "C:\\Users\\mateu\\Documents\\CodeceptJSAppium\\qazando-automation\\steps\\search_google_test.js",
          "file": "\\steps\\search_google_test.js",
          "beforeHooks": [
            {
              "title": "\"before all\" hook: codeceptjs.beforeSuite in \"Search Google\"",
              "fullTitle": "Search Google \"before all\" hook: codeceptjs.beforeSuite in \"Search Google\"",
              "timedOut": false,
              "duration": 1,
              "state": null,
              "speed": null,
              "pass": false,
              "fail": false,
              "pending": false,
              "context": null,
              "code": "scenario.suiteSetup(suite)",
              "err": {},
              "uuid": "e14d7893-8ef6-4780-b6ab-8f5e6e5c8ab2",
              "parentUUID": "c2563068-909a-40d7-b454-62ae29603342",
              "isHook": true,
              "skipped": false
            },
            {
              "title": "\"before each\" hook: codeceptjs.before in \"Search Google\"",
              "fullTitle": "Search Google \"before each\" hook: codeceptjs.before in \"Search Google\"",
              "timedOut": false,
              "duration": 13987,
              "state": null,
              "speed": null,
              "pass": false,
              "fail": false,
              "pending": false,
              "context": null,
              "code": "scenario.setup(suite)",
              "err": {},
              "uuid": "2b20b93f-e83c-4149-9d40-95f5dd30551d",
              "parentUUID": "c2563068-909a-40d7-b454-62ae29603342",
              "isHook": true,
              "skipped": false
            }
          ],
          "afterHooks": [
            {
              "title": "\"after all\" hook: codeceptjs.afterSuite in \"Search Google\"",
              "fullTitle": "Search Google \"after all\" hook: codeceptjs.afterSuite in \"Search Google\"",
              "timedOut": false,
              "duration": 7,
              "state": null,
              "speed": null,
              "pass": false,
              "fail": false,
              "pending": false,
              "context": null,
              "code": "scenario.suiteTeardown(suite)",
              "err": {},
              "uuid": "0e2f6556-3ccc-4cb6-a6c6-1f950f03e5aa",
              "parentUUID": "c2563068-909a-40d7-b454-62ae29603342",
              "isHook": true,
              "skipped": false
            },
            {
              "title": "\"after each\" hook: finalize codeceptjs in \"Search Google\"",
              "fullTitle": "Search Google \"after each\" hook: finalize codeceptjs in \"Search Google\"",
              "timedOut": false,
              "duration": 843,
              "state": null,
              "speed": null,
              "pass": false,
              "fail": false,
              "pending": false,
              "context": null,
              "code": "scenario.teardown(suite)",
              "err": {},
              "uuid": "dff5c745-2f8e-45b6-b9ef-d312e5644a0e",
              "parentUUID": "c2563068-909a-40d7-b454-62ae29603342",
              "isHook": true,
              "skipped": false
            }
          ],
          "tests": [
            {
              "title": "Search QAzando",
              "fullTitle": "Search Google: Search QAzando",
              "timedOut": false,
              "duration": 9448,
              "state": "failed",
              "speed": null,
              "pass": false,
              "fail": true,
              "pending": false,
              "context": null,
              "code": "I }) => {\n    I.amOnPage('https://www.google.com.br')\n    I.fillField('.gLFyf', 'QAzando')\n    I.waitForElement('.UUbT9', 5)\n    I.tap('.UUbT9')\n    I.wait(5)\n    I.see('www.qazando.com.br')",
              "err": {
                "message": null,
                "estack": null,
                "diff": "- TODAS\n- IMAGENS\n- Fazer login\n- qazando\n- Disponibilizado pelo Google em: English\n- Pesquisas em alta\n- senado aprova pec enfermagem\n- enquete power couple brasil\n- impenhorabilidade\n- loterias mega sena\n- --( 8 lines more )---\n+ www.qazando.com.br\n"
              },
              "uuid": "b39f2dc1-23d4-489b-99f5-19d3ff32f86f",
              "parentUUID": "c2563068-909a-40d7-b454-62ae29603342",
              "isHook": false,
              "skipped": false
            }
          ],
          "suites": [],
          "passes": [],
          "failures": [
            "b39f2dc1-23d4-489b-99f5-19d3ff32f86f"
          ],
          "pending": [],
          "skipped": [],
          "duration": 9448,
          "root": false,
          "rootEmpty": false,
          "_timeout": 0
        }
      ],
      "passes": [],
      "failures": [],
      "pending": [],
      "skipped": [],
      "duration": 0,
      "root": true,
      "rootEmpty": true,
      "_timeout": 0
    }
  ],
  "meta": {
    "mocha": {
      "version": "10.0.0"
    },
    "mochawesome": {
      "options": {
        "quiet": false,
        "reportFilename": "[status]_[datetime]-report",
        "saveHtml": true,
        "saveJson": true,
        "consoleReporter": "spec",
        "useInlineDiffs": false,
        "code": true
      },
      "version": "7.1.3"
    },
    "marge": {
      "options": {
        "reportFilename": "[status]_[datetime]-report",
        "timestamp": "longDate"
      },
      "version": "6.2.0"
    }
  }
}