{
  "stats": {
    "suites": 3,
    "tests": 4,
    "passes": 4,
    "pending": 0,
    "failures": 0,
    "start": "2022-05-30T23:38:34.215Z",
    "end": "2022-05-30T23:39:44.530Z",
    "duration": 70315,
    "testsRegistered": 4,
    "passPercent": 100,
    "pendingPercent": 0,
    "other": 0,
    "hasOther": false,
    "skipped": 0,
    "hasSkipped": false
  },
  "results": [
    {
      "uuid": "80b9869b-7502-4270-a399-6edcfb9a2e25",
      "title": "",
      "fullFile": "",
      "file": "",
      "beforeHooks": [],
      "afterHooks": [],
      "tests": [],
      "suites": [
        {
          "uuid": "73529dec-0708-41af-b69b-4244178d12eb",
          "title": "Business rules",
          "fullFile": "C:\\Users\\mateu\\Documents\\CodeceptJSAppium\\qazando-automation\\features\\login.feature",
          "file": "\\features\\login.feature",
          "beforeHooks": [
            {
              "title": "\"before all\" hook: codeceptjs.beforeSuite in \"Business rules\"",
              "fullTitle": "Business rules \"before all\" hook: codeceptjs.beforeSuite in \"Business rules\"",
              "timedOut": false,
              "duration": 1,
              "state": null,
              "speed": null,
              "pass": false,
              "fail": false,
              "pending": false,
              "context": null,
              "code": "scenario.suiteSetup(suite)",
              "err": {},
              "uuid": "e9b6b927-14ae-4aa5-9570-2e7841c27b26",
              "parentUUID": "73529dec-0708-41af-b69b-4244178d12eb",
              "isHook": true,
              "skipped": false
            },
            {
              "title": "\"before each\" hook: codeceptjs.before in \"Business rules\"",
              "fullTitle": "Business rules \"before each\" hook: codeceptjs.before in \"Business rules\"",
              "timedOut": false,
              "duration": 9929,
              "state": null,
              "speed": null,
              "pass": false,
              "fail": false,
              "pending": false,
              "context": null,
              "code": "scenario.setup(suite)",
              "err": {},
              "uuid": "bdcd3198-f6ac-4990-8952-90656e00a669",
              "parentUUID": "73529dec-0708-41af-b69b-4244178d12eb",
              "isHook": true,
              "skipped": false
            }
          ],
          "afterHooks": [
            {
              "title": "\"after all\" hook: codeceptjs.afterSuite in \"Business rules\"",
              "fullTitle": "Business rules \"after all\" hook: codeceptjs.afterSuite in \"Business rules\"",
              "timedOut": false,
              "duration": 0,
              "state": null,
              "speed": null,
              "pass": false,
              "fail": false,
              "pending": false,
              "context": null,
              "code": "scenario.suiteTeardown(suite)",
              "err": {},
              "uuid": "696a1187-c182-4a79-8141-85edb4c325aa",
              "parentUUID": "73529dec-0708-41af-b69b-4244178d12eb",
              "isHook": true,
              "skipped": false
            },
            {
              "title": "\"after each\" hook: codeceptjs.after in \"Business rules\"",
              "fullTitle": "Business rules \"after each\" hook: codeceptjs.after in \"Business rules\"",
              "timedOut": false,
              "duration": 650,
              "state": null,
              "speed": null,
              "pass": false,
              "fail": false,
              "pending": false,
              "context": null,
              "code": "scenario.teardown(suite)",
              "err": {},
              "uuid": "f6c7217e-fa1d-41b9-8c1f-56303d2807f9",
              "parentUUID": "73529dec-0708-41af-b69b-4244178d12eb",
              "isHook": true,
              "skipped": false
            }
          ],
          "tests": [
            {
              "title": "Login with success",
              "fullTitle": "Business rules Login with success",
              "timedOut": false,
              "duration": 5959,
              "state": "passed",
              "speed": "slow",
              "pass": true,
              "fail": false,
              "pending": false,
              "context": null,
              "code": "runSteps(child.steps)",
              "err": {},
              "uuid": "31058c15-ec95-44d0-aed2-22d94acdd38d",
              "parentUUID": "73529dec-0708-41af-b69b-4244178d12eb",
              "isHook": false,
              "skipped": false
            }
          ],
          "suites": [],
          "passes": [
            "31058c15-ec95-44d0-aed2-22d94acdd38d"
          ],
          "failures": [],
          "pending": [],
          "skipped": [],
          "duration": 5959,
          "root": false,
          "rootEmpty": false,
          "_timeout": 0
        },
        {
          "uuid": "82134631-e781-4d7b-ba40-1a6ac75d9744",
          "title": "login",
          "fullFile": "C:\\Users\\mateu\\Documents\\CodeceptJSAppium\\qazando-automation\\steps\\login_test.js",
          "file": "\\steps\\login_test.js",
          "beforeHooks": [
            {
              "title": "\"before all\" hook: codeceptjs.beforeSuite in \"login\"",
              "fullTitle": "login \"before all\" hook: codeceptjs.beforeSuite in \"login\"",
              "timedOut": false,
              "duration": 0,
              "state": null,
              "speed": null,
              "pass": false,
              "fail": false,
              "pending": false,
              "context": null,
              "code": "scenario.suiteSetup(suite)",
              "err": {},
              "uuid": "87ef4cc7-3142-4468-bf1d-6fbd740505d4",
              "parentUUID": "82134631-e781-4d7b-ba40-1a6ac75d9744",
              "isHook": true,
              "skipped": false
            },
            {
              "title": "\"before all\" hook: BeforeSuite in \"login\"",
              "fullTitle": "login \"before all\" hook: BeforeSuite in \"login\"",
              "timedOut": false,
              "duration": 3,
              "state": null,
              "speed": null,
              "pass": false,
              "fail": false,
              "pending": false,
              "context": null,
              "code": "console.log(\"Before Suite\")",
              "err": {},
              "uuid": "19607c1a-856d-4820-af66-0d516b426191",
              "parentUUID": "82134631-e781-4d7b-ba40-1a6ac75d9744",
              "isHook": true,
              "skipped": false
            },
            {
              "title": "\"before each\" hook: codeceptjs.before in \"login\"",
              "fullTitle": "login \"before each\" hook: codeceptjs.before in \"login\"",
              "timedOut": false,
              "duration": 9722,
              "state": null,
              "speed": null,
              "pass": false,
              "fail": false,
              "pending": false,
              "context": null,
              "code": "scenario.setup(suite)",
              "err": {},
              "uuid": "cf3d0f48-c9e5-4539-8338-5aeeefe542f8",
              "parentUUID": "82134631-e781-4d7b-ba40-1a6ac75d9744",
              "isHook": true,
              "skipped": false
            },
            {
              "title": "\"before each\" hook: Before in \"login\"",
              "fullTitle": "login \"before each\" hook: Before in \"login\"",
              "timedOut": false,
              "duration": 1,
              "state": null,
              "speed": null,
              "pass": false,
              "fail": false,
              "pending": false,
              "context": null,
              "code": "console.log(\"Before\")",
              "err": {},
              "uuid": "bac37b75-0aa7-4511-aa49-8d62e3028311",
              "parentUUID": "82134631-e781-4d7b-ba40-1a6ac75d9744",
              "isHook": true,
              "skipped": false
            }
          ],
          "afterHooks": [
            {
              "title": "\"after all\" hook: AfterSuite in \"login\"",
              "fullTitle": "login \"after all\" hook: AfterSuite in \"login\"",
              "timedOut": false,
              "duration": 2,
              "state": null,
              "speed": null,
              "pass": false,
              "fail": false,
              "pending": false,
              "context": null,
              "code": "console.log(\"After Suite\")",
              "err": {},
              "uuid": "f1a98f24-984e-4113-a8b5-5ca6f6510ec5",
              "parentUUID": "82134631-e781-4d7b-ba40-1a6ac75d9744",
              "isHook": true,
              "skipped": false
            },
            {
              "title": "\"after all\" hook: codeceptjs.afterSuite in \"login\"",
              "fullTitle": "login \"after all\" hook: codeceptjs.afterSuite in \"login\"",
              "timedOut": false,
              "duration": 0,
              "state": null,
              "speed": null,
              "pass": false,
              "fail": false,
              "pending": false,
              "context": null,
              "code": "scenario.suiteTeardown(suite)",
              "err": {},
              "uuid": "4b1d2079-da65-43aa-ba6f-54b724638e0b",
              "parentUUID": "82134631-e781-4d7b-ba40-1a6ac75d9744",
              "isHook": true,
              "skipped": false
            },
            {
              "title": "\"after each\" hook: After in \"login\"",
              "fullTitle": "login \"after each\" hook: After in \"login\"",
              "timedOut": false,
              "duration": 1,
              "state": null,
              "speed": null,
              "pass": false,
              "fail": false,
              "pending": false,
              "context": null,
              "code": "console.log(\"After\")",
              "err": {},
              "uuid": "6ac7fc56-1303-4c62-afca-1040dd4118c8",
              "parentUUID": "82134631-e781-4d7b-ba40-1a6ac75d9744",
              "isHook": true,
              "skipped": false
            },
            {
              "title": "\"after each\" hook: finalize codeceptjs in \"login\"",
              "fullTitle": "login \"after each\" hook: finalize codeceptjs in \"login\"",
              "timedOut": false,
              "duration": 607,
              "state": null,
              "speed": null,
              "pass": false,
              "fail": false,
              "pending": false,
              "context": null,
              "code": "scenario.teardown(suite)",
              "err": {},
              "uuid": "5e0311b5-0c73-4862-b5b2-dca4cb38f4bd",
              "parentUUID": "82134631-e781-4d7b-ba40-1a6ac75d9744",
              "isHook": true,
              "skipped": false
            }
          ],
          "tests": [
            {
              "title": "Login with success",
              "fullTitle": "login: Login with success",
              "timedOut": false,
              "duration": 5968,
              "state": "passed",
              "speed": "slow",
              "pass": true,
              "fail": false,
              "pending": false,
              "context": null,
              "code": "I, home_page }) => {\n    login_page.doLogin('teste@teste.com', '123456')\n    home_page.checkLoginSuccess()",
              "err": {},
              "uuid": "21dd09ad-3d14-448d-94fb-7d6fd0847cd8",
              "parentUUID": "82134631-e781-4d7b-ba40-1a6ac75d9744",
              "isHook": false,
              "skipped": false
            },
            {
              "title": "Login with error",
              "fullTitle": "login: Login with error",
              "timedOut": false,
              "duration": 5966,
              "state": "passed",
              "speed": "slow",
              "pass": true,
              "fail": false,
              "pending": false,
              "context": null,
              "code": "I }) => {\n    login_page.doLogin('xteste@teste.com', '123456')\n    login_page.checkLoginError()",
              "err": {},
              "uuid": "d8767111-e8de-46f7-aac1-1cdaf488a681",
              "parentUUID": "82134631-e781-4d7b-ba40-1a6ac75d9744",
              "isHook": false,
              "skipped": false
            }
          ],
          "suites": [],
          "passes": [
            "21dd09ad-3d14-448d-94fb-7d6fd0847cd8",
            "d8767111-e8de-46f7-aac1-1cdaf488a681"
          ],
          "failures": [],
          "pending": [],
          "skipped": [],
          "duration": 11934,
          "root": false,
          "rootEmpty": false,
          "_timeout": 0
        },
        {
          "uuid": "1118b33b-7b60-4f8f-99ec-c5cd4c95723b",
          "title": "students",
          "fullFile": "C:\\Users\\mateu\\Documents\\CodeceptJSAppium\\qazando-automation\\steps\\students_test.js",
          "file": "\\steps\\students_test.js",
          "beforeHooks": [
            {
              "title": "\"before all\" hook: codeceptjs.beforeSuite in \"students\"",
              "fullTitle": "students \"before all\" hook: codeceptjs.beforeSuite in \"students\"",
              "timedOut": false,
              "duration": 0,
              "state": null,
              "speed": null,
              "pass": false,
              "fail": false,
              "pending": false,
              "context": null,
              "code": "scenario.suiteSetup(suite)",
              "err": {},
              "uuid": "de1cb43e-7dd2-4504-9403-1e089fea0f44",
              "parentUUID": "1118b33b-7b60-4f8f-99ec-c5cd4c95723b",
              "isHook": true,
              "skipped": false
            },
            {
              "title": "\"before each\" hook: codeceptjs.before in \"students\"",
              "fullTitle": "students \"before each\" hook: codeceptjs.before in \"students\"",
              "timedOut": false,
              "duration": 10235,
              "state": null,
              "speed": null,
              "pass": false,
              "fail": false,
              "pending": false,
              "context": null,
              "code": "scenario.setup(suite)",
              "err": {},
              "uuid": "bf6a4979-655b-4501-b92c-f0657ce717a3",
              "parentUUID": "1118b33b-7b60-4f8f-99ec-c5cd4c95723b",
              "isHook": true,
              "skipped": false
            }
          ],
          "afterHooks": [
            {
              "title": "\"after all\" hook: codeceptjs.afterSuite in \"students\"",
              "fullTitle": "students \"after all\" hook: codeceptjs.afterSuite in \"students\"",
              "timedOut": false,
              "duration": 1,
              "state": null,
              "speed": null,
              "pass": false,
              "fail": false,
              "pending": false,
              "context": null,
              "code": "scenario.suiteTeardown(suite)",
              "err": {},
              "uuid": "dc06b31e-ca20-445c-9d55-044f03c3347e",
              "parentUUID": "1118b33b-7b60-4f8f-99ec-c5cd4c95723b",
              "isHook": true,
              "skipped": false
            },
            {
              "title": "\"after each\" hook: finalize codeceptjs in \"students\"",
              "fullTitle": "students \"after each\" hook: finalize codeceptjs in \"students\"",
              "timedOut": false,
              "duration": 656,
              "state": null,
              "speed": null,
              "pass": false,
              "fail": false,
              "pending": false,
              "context": null,
              "code": "scenario.teardown(suite)",
              "err": {},
              "uuid": "defeef25-6b8b-4ea7-81f1-20841040d55c",
              "parentUUID": "1118b33b-7b60-4f8f-99ec-c5cd4c95723b",
              "isHook": true,
              "skipped": false
            }
          ],
          "tests": [
            {
              "title": "Add student with success",
              "fullTitle": "students: Add student with success",
              "timedOut": false,
              "duration": 10049,
              "state": "passed",
              "speed": "slow",
              "pass": true,
              "fail": false,
              "pending": false,
              "context": null,
              "code": "I }) => {\n    const code = '9090'\n    const name = 'Fernando Silveira'\n    login_page.doLogin('teste@teste.com', '123456')\n    home_page.registerStudent(code, name)\n    home_page.searchStudent(name, code)",
              "err": {},
              "uuid": "b2cd9f67-bd7c-4a05-a2f4-35b878ab9296",
              "parentUUID": "1118b33b-7b60-4f8f-99ec-c5cd4c95723b",
              "isHook": false,
              "skipped": false
            }
          ],
          "suites": [],
          "passes": [
            "b2cd9f67-bd7c-4a05-a2f4-35b878ab9296"
          ],
          "failures": [],
          "pending": [],
          "skipped": [],
          "duration": 10049,
          "root": false,
          "rootEmpty": false,
          "_timeout": 0
        }
      ],
      "passes": [],
      "failures": [],
      "pending": [],
      "skipped": [],
      "duration": 0,
      "root": true,
      "rootEmpty": true,
      "_timeout": 0
    }
  ],
  "meta": {
    "mocha": {
      "version": "10.0.0"
    },
    "mochawesome": {
      "options": {
        "quiet": false,
        "reportFilename": "mochawesome",
        "saveHtml": true,
        "saveJson": true,
        "consoleReporter": "spec",
        "useInlineDiffs": false,
        "code": true
      },
      "version": "7.1.3"
    },
    "marge": {
      "options": {},
      "version": "6.2.0"
    }
  }
}