{
  "stats": {
    "suites": 2,
    "tests": 3,
    "passes": 3,
    "pending": 0,
    "failures": 0,
    "start": "2022-05-31T00:33:12.651Z",
    "end": "2022-05-31T00:34:06.136Z",
    "duration": 53485,
    "testsRegistered": 3,
    "passPercent": 100,
    "pendingPercent": 0,
    "other": 0,
    "hasOther": false,
    "skipped": 0,
    "hasSkipped": false
  },
  "results": [
    {
      "uuid": "02893f45-18e3-4923-af5a-4f9003595c02",
      "title": "",
      "fullFile": "",
      "file": "",
      "beforeHooks": [],
      "afterHooks": [],
      "tests": [],
      "suites": [
        {
          "uuid": "26164da0-a947-464d-a146-308855a67f90",
          "title": "login",
          "fullFile": "C:\\Users\\mateu\\Documents\\CodeceptJSAppium\\qazando-automation\\steps\\login_test.js",
          "file": "\\steps\\login_test.js",
          "beforeHooks": [
            {
              "title": "\"before all\" hook: codeceptjs.beforeSuite in \"login\"",
              "fullTitle": "login \"before all\" hook: codeceptjs.beforeSuite in \"login\"",
              "timedOut": false,
              "duration": 2,
              "state": null,
              "speed": null,
              "pass": false,
              "fail": false,
              "pending": false,
              "context": null,
              "code": "scenario.suiteSetup(suite)",
              "err": {},
              "uuid": "5443e989-c06d-4d75-8e91-00037d9bb2e2",
              "parentUUID": "26164da0-a947-464d-a146-308855a67f90",
              "isHook": true,
              "skipped": false
            },
            {
              "title": "\"before all\" hook: BeforeSuite in \"login\"",
              "fullTitle": "login \"before all\" hook: BeforeSuite in \"login\"",
              "timedOut": false,
              "duration": 5,
              "state": null,
              "speed": null,
              "pass": false,
              "fail": false,
              "pending": false,
              "context": null,
              "code": "console.log(\"Before Suite\")",
              "err": {},
              "uuid": "f5c2f26f-bf2c-4c12-a543-8b7060ac6d21",
              "parentUUID": "26164da0-a947-464d-a146-308855a67f90",
              "isHook": true,
              "skipped": false
            },
            {
              "title": "\"before each\" hook: codeceptjs.before in \"login\"",
              "fullTitle": "login \"before each\" hook: codeceptjs.before in \"login\"",
              "timedOut": false,
              "duration": 9899,
              "state": null,
              "speed": null,
              "pass": false,
              "fail": false,
              "pending": false,
              "context": null,
              "code": "scenario.setup(suite)",
              "err": {},
              "uuid": "7892a8e6-9c0c-4a26-8c3d-f859cd3a6489",
              "parentUUID": "26164da0-a947-464d-a146-308855a67f90",
              "isHook": true,
              "skipped": false
            },
            {
              "title": "\"before each\" hook: Before in \"login\"",
              "fullTitle": "login \"before each\" hook: Before in \"login\"",
              "timedOut": false,
              "duration": 1,
              "state": null,
              "speed": null,
              "pass": false,
              "fail": false,
              "pending": false,
              "context": null,
              "code": "console.log(\"Before\")",
              "err": {},
              "uuid": "93323b1c-ed1e-4d20-bd57-72b06b193cfb",
              "parentUUID": "26164da0-a947-464d-a146-308855a67f90",
              "isHook": true,
              "skipped": false
            }
          ],
          "afterHooks": [
            {
              "title": "\"after all\" hook: AfterSuite in \"login\"",
              "fullTitle": "login \"after all\" hook: AfterSuite in \"login\"",
              "timedOut": false,
              "duration": 1,
              "state": null,
              "speed": null,
              "pass": false,
              "fail": false,
              "pending": false,
              "context": null,
              "code": "console.log(\"After Suite\")",
              "err": {},
              "uuid": "fd67a6ce-1dcd-448e-970e-3cde0552b041",
              "parentUUID": "26164da0-a947-464d-a146-308855a67f90",
              "isHook": true,
              "skipped": false
            },
            {
              "title": "\"after all\" hook: codeceptjs.afterSuite in \"login\"",
              "fullTitle": "login \"after all\" hook: codeceptjs.afterSuite in \"login\"",
              "timedOut": false,
              "duration": 9,
              "state": null,
              "speed": null,
              "pass": false,
              "fail": false,
              "pending": false,
              "context": null,
              "code": "scenario.suiteTeardown(suite)",
              "err": {},
              "uuid": "1caea206-3bd3-450f-8cdf-d1d63e699261",
              "parentUUID": "26164da0-a947-464d-a146-308855a67f90",
              "isHook": true,
              "skipped": false
            },
            {
              "title": "\"after each\" hook: After in \"login\"",
              "fullTitle": "login \"after each\" hook: After in \"login\"",
              "timedOut": false,
              "duration": 1,
              "state": null,
              "speed": null,
              "pass": false,
              "fail": false,
              "pending": false,
              "context": null,
              "code": "console.log(\"After\")",
              "err": {},
              "uuid": "379cc7bd-c3c6-4317-89ee-258239c5c5f7",
              "parentUUID": "26164da0-a947-464d-a146-308855a67f90",
              "isHook": true,
              "skipped": false
            },
            {
              "title": "\"after each\" hook: finalize codeceptjs in \"login\"",
              "fullTitle": "login \"after each\" hook: finalize codeceptjs in \"login\"",
              "timedOut": false,
              "duration": 606,
              "state": null,
              "speed": null,
              "pass": false,
              "fail": false,
              "pending": false,
              "context": null,
              "code": "scenario.teardown(suite)",
              "err": {},
              "uuid": "6b745a22-9d7f-4437-a85b-cea1dc9a04dd",
              "parentUUID": "26164da0-a947-464d-a146-308855a67f90",
              "isHook": true,
              "skipped": false
            }
          ],
          "tests": [
            {
              "title": "Login with success",
              "fullTitle": "login: Login with success",
              "timedOut": false,
              "duration": 5884,
              "state": "passed",
              "speed": "slow",
              "pass": true,
              "fail": false,
              "pending": false,
              "context": null,
              "code": "I, home_page }) => {\n    login_page.doLogin('teste@teste.com', '123456')\n    home_page.checkLoginSuccess()",
              "err": {},
              "uuid": "ad51ff94-6e36-4e3d-883d-4fd6b2898a90",
              "parentUUID": "26164da0-a947-464d-a146-308855a67f90",
              "isHook": false,
              "skipped": false
            },
            {
              "title": "Login with error",
              "fullTitle": "login: Login with error",
              "timedOut": false,
              "duration": 5060,
              "state": "passed",
              "speed": "slow",
              "pass": true,
              "fail": false,
              "pending": false,
              "context": null,
              "code": "I }) => {\n    login_page.doLogin('xteste@teste.com', '123456')\n    login_page.checkLoginError()",
              "err": {},
              "uuid": "0f8616ce-c2ad-45c6-bfb1-bd23d8f2e191",
              "parentUUID": "26164da0-a947-464d-a146-308855a67f90",
              "isHook": false,
              "skipped": false
            }
          ],
          "suites": [],
          "passes": [
            "ad51ff94-6e36-4e3d-883d-4fd6b2898a90",
            "0f8616ce-c2ad-45c6-bfb1-bd23d8f2e191"
          ],
          "failures": [],
          "pending": [],
          "skipped": [],
          "duration": 10944,
          "root": false,
          "rootEmpty": false,
          "_timeout": 0
        },
        {
          "uuid": "b07a02ca-95f8-42b4-8c06-08d70d4235ef",
          "title": "students",
          "fullFile": "C:\\Users\\mateu\\Documents\\CodeceptJSAppium\\qazando-automation\\steps\\students_test.js",
          "file": "\\steps\\students_test.js",
          "beforeHooks": [
            {
              "title": "\"before all\" hook: codeceptjs.beforeSuite in \"students\"",
              "fullTitle": "students \"before all\" hook: codeceptjs.beforeSuite in \"students\"",
              "timedOut": false,
              "duration": 0,
              "state": null,
              "speed": null,
              "pass": false,
              "fail": false,
              "pending": false,
              "context": null,
              "code": "scenario.suiteSetup(suite)",
              "err": {},
              "uuid": "8e1cbf7d-068d-40d3-ae84-c08ba793b240",
              "parentUUID": "b07a02ca-95f8-42b4-8c06-08d70d4235ef",
              "isHook": true,
              "skipped": false
            },
            {
              "title": "\"before each\" hook: codeceptjs.before in \"students\"",
              "fullTitle": "students \"before each\" hook: codeceptjs.before in \"students\"",
              "timedOut": false,
              "duration": 10187,
              "state": null,
              "speed": null,
              "pass": false,
              "fail": false,
              "pending": false,
              "context": null,
              "code": "scenario.setup(suite)",
              "err": {},
              "uuid": "86ae769a-b197-464f-8523-a71d6ee238eb",
              "parentUUID": "b07a02ca-95f8-42b4-8c06-08d70d4235ef",
              "isHook": true,
              "skipped": false
            }
          ],
          "afterHooks": [
            {
              "title": "\"after all\" hook: codeceptjs.afterSuite in \"students\"",
              "fullTitle": "students \"after all\" hook: codeceptjs.afterSuite in \"students\"",
              "timedOut": false,
              "duration": 3,
              "state": null,
              "speed": null,
              "pass": false,
              "fail": false,
              "pending": false,
              "context": null,
              "code": "scenario.suiteTeardown(suite)",
              "err": {},
              "uuid": "6fd83f55-dd3f-4d41-a23a-859ab50a0b0b",
              "parentUUID": "b07a02ca-95f8-42b4-8c06-08d70d4235ef",
              "isHook": true,
              "skipped": false
            },
            {
              "title": "\"after each\" hook: finalize codeceptjs in \"students\"",
              "fullTitle": "students \"after each\" hook: finalize codeceptjs in \"students\"",
              "timedOut": false,
              "duration": 574,
              "state": null,
              "speed": null,
              "pass": false,
              "fail": false,
              "pending": false,
              "context": null,
              "code": "scenario.teardown(suite)",
              "err": {},
              "uuid": "065d4307-3dfa-46a1-aa0f-d2ba5bb4dad2",
              "parentUUID": "b07a02ca-95f8-42b4-8c06-08d70d4235ef",
              "isHook": true,
              "skipped": false
            }
          ],
          "tests": [
            {
              "title": "Add student with success",
              "fullTitle": "students: Add student with success",
              "timedOut": false,
              "duration": 10612,
              "state": "passed",
              "speed": "slow",
              "pass": true,
              "fail": false,
              "pending": false,
              "context": null,
              "code": "I }) => {\n    \n    const code = randonCode.getCode()\n    const name = randonName.getName()\n    login_page.doLogin('teste@teste.com', '123456')\n    home_page.registerStudent(code, name)\n    home_page.searchStudent(name, code)",
              "err": {},
              "uuid": "d7736188-c61d-4f51-8b65-5faaca20b4e9",
              "parentUUID": "b07a02ca-95f8-42b4-8c06-08d70d4235ef",
              "isHook": false,
              "skipped": false
            }
          ],
          "suites": [],
          "passes": [
            "d7736188-c61d-4f51-8b65-5faaca20b4e9"
          ],
          "failures": [],
          "pending": [],
          "skipped": [],
          "duration": 10612,
          "root": false,
          "rootEmpty": false,
          "_timeout": 0
        }
      ],
      "passes": [],
      "failures": [],
      "pending": [],
      "skipped": [],
      "duration": 0,
      "root": true,
      "rootEmpty": true,
      "_timeout": 0
    }
  ],
  "meta": {
    "mocha": {
      "version": "10.0.0"
    },
    "mochawesome": {
      "options": {
        "quiet": false,
        "reportFilename": "mochawesome",
        "saveHtml": true,
        "saveJson": true,
        "consoleReporter": "spec",
        "useInlineDiffs": false,
        "code": true
      },
      "version": "7.1.3"
    },
    "marge": {
      "options": {},
      "version": "6.2.0"
    }
  }
}