{
  "stats": {
    "suites": 1,
    "tests": 1,
    "passes": 1,
    "pending": 0,
    "failures": 0,
    "start": "2022-06-02T23:25:04.531Z",
    "end": "2022-06-02T23:25:30.058Z",
    "duration": 25527,
    "testsRegistered": 1,
    "passPercent": 100,
    "pendingPercent": 0,
    "other": 0,
    "hasOther": false,
    "skipped": 0,
    "hasSkipped": false
  },
  "results": [
    {
      "uuid": "149f1456-2d59-4574-8781-ffc3b1be74cb",
      "title": "",
      "fullFile": "C:\\Users\\mateu\\Documents\\CodeceptJSAppium\\qazando-automation\\steps\\search_google_test.js",
      "file": "\\steps\\search_google_test.js",
      "beforeHooks": [],
      "afterHooks": [],
      "tests": [],
      "suites": [
        {
          "uuid": "b3ab27b5-1b84-4846-bd84-1e3a157c4661",
          "title": "Search Google",
          "fullFile": "C:\\Users\\mateu\\Documents\\CodeceptJSAppium\\qazando-automation\\steps\\search_google_test.js",
          "file": "\\steps\\search_google_test.js",
          "beforeHooks": [
            {
              "title": "\"before all\" hook: codeceptjs.beforeSuite in \"Search Google\"",
              "fullTitle": "Search Google \"before all\" hook: codeceptjs.beforeSuite in \"Search Google\"",
              "timedOut": false,
              "duration": 2,
              "state": null,
              "speed": null,
              "pass": false,
              "fail": false,
              "pending": false,
              "context": null,
              "code": "scenario.suiteSetup(suite)",
              "err": {},
              "uuid": "522f9343-0828-4251-be6b-91ca65586410",
              "parentUUID": "b3ab27b5-1b84-4846-bd84-1e3a157c4661",
              "isHook": true,
              "skipped": false
            },
            {
              "title": "\"before each\" hook: codeceptjs.before in \"Search Google\"",
              "fullTitle": "Search Google \"before each\" hook: codeceptjs.before in \"Search Google\"",
              "timedOut": false,
              "duration": 17079,
              "state": null,
              "speed": null,
              "pass": false,
              "fail": false,
              "pending": false,
              "context": null,
              "code": "scenario.setup(suite)",
              "err": {},
              "uuid": "980913c1-816e-4e15-9094-ef1dd36d989a",
              "parentUUID": "b3ab27b5-1b84-4846-bd84-1e3a157c4661",
              "isHook": true,
              "skipped": false
            }
          ],
          "afterHooks": [
            {
              "title": "\"after all\" hook: codeceptjs.afterSuite in \"Search Google\"",
              "fullTitle": "Search Google \"after all\" hook: codeceptjs.afterSuite in \"Search Google\"",
              "timedOut": false,
              "duration": 7,
              "state": null,
              "speed": null,
              "pass": false,
              "fail": false,
              "pending": false,
              "context": null,
              "code": "scenario.suiteTeardown(suite)",
              "err": {},
              "uuid": "caaf5dd4-83ef-4c72-ac74-e9d2ee34223d",
              "parentUUID": "b3ab27b5-1b84-4846-bd84-1e3a157c4661",
              "isHook": true,
              "skipped": false
            },
            {
              "title": "\"after each\" hook: finalize codeceptjs in \"Search Google\"",
              "fullTitle": "Search Google \"after each\" hook: finalize codeceptjs in \"Search Google\"",
              "timedOut": false,
              "duration": 1325,
              "state": null,
              "speed": null,
              "pass": false,
              "fail": false,
              "pending": false,
              "context": null,
              "code": "scenario.teardown(suite)",
              "err": {},
              "uuid": "fc048af2-ad56-4ab9-825d-764a46ce19ab",
              "parentUUID": "b3ab27b5-1b84-4846-bd84-1e3a157c4661",
              "isHook": true,
              "skipped": false
            }
          ],
          "tests": [
            {
              "title": "Search QAzando",
              "fullTitle": "Search Google: Search QAzando",
              "timedOut": false,
              "duration": 7109,
              "state": "passed",
              "speed": "slow",
              "pass": true,
              "fail": false,
              "pending": false,
              "context": null,
              "code": "I }) => {\n    I.amOnPage('https://www.google.com.br')\n    I.fillField('.gLFyf', 'QAzando')\n    I.waitForElement('.s49v2', 5)\n    I.click('.s49v2')\n    I.see('www.qazando.com.br')",
              "err": {},
              "uuid": "3bac03aa-b80c-4390-86cb-6214eab0304f",
              "parentUUID": "b3ab27b5-1b84-4846-bd84-1e3a157c4661",
              "isHook": false,
              "skipped": false
            }
          ],
          "suites": [],
          "passes": [
            "3bac03aa-b80c-4390-86cb-6214eab0304f"
          ],
          "failures": [],
          "pending": [],
          "skipped": [],
          "duration": 7109,
          "root": false,
          "rootEmpty": false,
          "_timeout": 0
        }
      ],
      "passes": [],
      "failures": [],
      "pending": [],
      "skipped": [],
      "duration": 0,
      "root": true,
      "rootEmpty": true,
      "_timeout": 0
    }
  ],
  "meta": {
    "mocha": {
      "version": "10.0.0"
    },
    "mochawesome": {
      "options": {
        "quiet": false,
        "reportFilename": "[status]_[datetime]-report",
        "saveHtml": true,
        "saveJson": true,
        "consoleReporter": "spec",
        "useInlineDiffs": false,
        "code": true
      },
      "version": "7.1.3"
    },
    "marge": {
      "options": {
        "reportFilename": "[status]_[datetime]-report",
        "timestamp": "longDate"
      },
      "version": "6.2.0"
    }
  }
}