{
  "stats": {
    "suites": 2,
    "tests": 3,
    "passes": 3,
    "pending": 0,
    "failures": 0,
    "start": "2022-05-31T00:39:14.170Z",
    "end": "2022-05-31T00:40:06.119Z",
    "duration": 51949,
    "testsRegistered": 3,
    "passPercent": 100,
    "pendingPercent": 0,
    "other": 0,
    "hasOther": false,
    "skipped": 0,
    "hasSkipped": false
  },
  "results": [
    {
      "uuid": "356e243c-d792-4b8e-870e-8011e132d224",
      "title": "",
      "fullFile": "",
      "file": "",
      "beforeHooks": [],
      "afterHooks": [],
      "tests": [],
      "suites": [
        {
          "uuid": "ec08037c-b2e6-499d-9d65-ad774357ac82",
          "title": "login",
          "fullFile": "C:\\Users\\mateu\\Documents\\CodeceptJSAppium\\qazando-automation\\steps\\login_test.js",
          "file": "\\steps\\login_test.js",
          "beforeHooks": [
            {
              "title": "\"before all\" hook: codeceptjs.beforeSuite in \"login\"",
              "fullTitle": "login \"before all\" hook: codeceptjs.beforeSuite in \"login\"",
              "timedOut": false,
              "duration": 2,
              "state": null,
              "speed": null,
              "pass": false,
              "fail": false,
              "pending": false,
              "context": null,
              "code": "scenario.suiteSetup(suite)",
              "err": {},
              "uuid": "f6591170-f301-436a-9ded-7a91a357aa6b",
              "parentUUID": "ec08037c-b2e6-499d-9d65-ad774357ac82",
              "isHook": true,
              "skipped": false
            },
            {
              "title": "\"before all\" hook: BeforeSuite in \"login\"",
              "fullTitle": "login \"before all\" hook: BeforeSuite in \"login\"",
              "timedOut": false,
              "duration": 7,
              "state": null,
              "speed": null,
              "pass": false,
              "fail": false,
              "pending": false,
              "context": null,
              "code": "console.log(\"Before Suite\")",
              "err": {},
              "uuid": "64845c85-e5e7-40ee-855f-2e5c4370363f",
              "parentUUID": "ec08037c-b2e6-499d-9d65-ad774357ac82",
              "isHook": true,
              "skipped": false
            },
            {
              "title": "\"before each\" hook: codeceptjs.before in \"login\"",
              "fullTitle": "login \"before each\" hook: codeceptjs.before in \"login\"",
              "timedOut": false,
              "duration": 9867,
              "state": null,
              "speed": null,
              "pass": false,
              "fail": false,
              "pending": false,
              "context": null,
              "code": "scenario.setup(suite)",
              "err": {},
              "uuid": "c57be0c1-f7a1-4666-af44-4bdf5105719c",
              "parentUUID": "ec08037c-b2e6-499d-9d65-ad774357ac82",
              "isHook": true,
              "skipped": false
            },
            {
              "title": "\"before each\" hook: Before in \"login\"",
              "fullTitle": "login \"before each\" hook: Before in \"login\"",
              "timedOut": false,
              "duration": 2,
              "state": null,
              "speed": null,
              "pass": false,
              "fail": false,
              "pending": false,
              "context": null,
              "code": "console.log(\"Before\")",
              "err": {},
              "uuid": "297a19e5-c90d-47e0-bb22-789d6281ac7e",
              "parentUUID": "ec08037c-b2e6-499d-9d65-ad774357ac82",
              "isHook": true,
              "skipped": false
            }
          ],
          "afterHooks": [
            {
              "title": "\"after all\" hook: AfterSuite in \"login\"",
              "fullTitle": "login \"after all\" hook: AfterSuite in \"login\"",
              "timedOut": false,
              "duration": 0,
              "state": null,
              "speed": null,
              "pass": false,
              "fail": false,
              "pending": false,
              "context": null,
              "code": "console.log(\"After Suite\")",
              "err": {},
              "uuid": "a4db4c1f-d27a-4dee-b7f7-6efe37618356",
              "parentUUID": "ec08037c-b2e6-499d-9d65-ad774357ac82",
              "isHook": true,
              "skipped": false
            },
            {
              "title": "\"after all\" hook: codeceptjs.afterSuite in \"login\"",
              "fullTitle": "login \"after all\" hook: codeceptjs.afterSuite in \"login\"",
              "timedOut": false,
              "duration": 9,
              "state": null,
              "speed": null,
              "pass": false,
              "fail": false,
              "pending": false,
              "context": null,
              "code": "scenario.suiteTeardown(suite)",
              "err": {},
              "uuid": "9dacd879-f10f-4101-acce-bc84a2459607",
              "parentUUID": "ec08037c-b2e6-499d-9d65-ad774357ac82",
              "isHook": true,
              "skipped": false
            },
            {
              "title": "\"after each\" hook: After in \"login\"",
              "fullTitle": "login \"after each\" hook: After in \"login\"",
              "timedOut": false,
              "duration": 1,
              "state": null,
              "speed": null,
              "pass": false,
              "fail": false,
              "pending": false,
              "context": null,
              "code": "console.log(\"After\")",
              "err": {},
              "uuid": "ccb49bac-353a-4f32-b2ce-f09439680430",
              "parentUUID": "ec08037c-b2e6-499d-9d65-ad774357ac82",
              "isHook": true,
              "skipped": false
            },
            {
              "title": "\"after each\" hook: finalize codeceptjs in \"login\"",
              "fullTitle": "login \"after each\" hook: finalize codeceptjs in \"login\"",
              "timedOut": false,
              "duration": 516,
              "state": null,
              "speed": null,
              "pass": false,
              "fail": false,
              "pending": false,
              "context": null,
              "code": "scenario.teardown(suite)",
              "err": {},
              "uuid": "e3576095-d118-44e1-b811-7e13dc38ae16",
              "parentUUID": "ec08037c-b2e6-499d-9d65-ad774357ac82",
              "isHook": true,
              "skipped": false
            }
          ],
          "tests": [
            {
              "title": "Login with success",
              "fullTitle": "login: Login with success",
              "timedOut": false,
              "duration": 6117,
              "state": "passed",
              "speed": "slow",
              "pass": true,
              "fail": false,
              "pending": false,
              "context": null,
              "code": "I, home_page }) => {\n    login_page.doLogin('teste@teste.com', '123456')\n    home_page.checkLoginSuccess()",
              "err": {},
              "uuid": "af55415c-1b2b-4c30-8db0-c8dc84174d0c",
              "parentUUID": "ec08037c-b2e6-499d-9d65-ad774357ac82",
              "isHook": false,
              "skipped": false
            },
            {
              "title": "Login with error",
              "fullTitle": "login: Login with error",
              "timedOut": false,
              "duration": 4661,
              "state": "passed",
              "speed": "slow",
              "pass": true,
              "fail": false,
              "pending": false,
              "context": null,
              "code": "I }) => {\n    login_page.doLogin('xteste@teste.com', '123456')\n    login_page.checkLoginError()",
              "err": {},
              "uuid": "467b0df9-4b11-44c1-ae37-523ab5170827",
              "parentUUID": "ec08037c-b2e6-499d-9d65-ad774357ac82",
              "isHook": false,
              "skipped": false
            }
          ],
          "suites": [],
          "passes": [
            "af55415c-1b2b-4c30-8db0-c8dc84174d0c",
            "467b0df9-4b11-44c1-ae37-523ab5170827"
          ],
          "failures": [],
          "pending": [],
          "skipped": [],
          "duration": 10778,
          "root": false,
          "rootEmpty": false,
          "_timeout": 0
        },
        {
          "uuid": "c0adbbbe-59c6-4860-8bc9-ea97d33be2e8",
          "title": "students",
          "fullFile": "C:\\Users\\mateu\\Documents\\CodeceptJSAppium\\qazando-automation\\steps\\students_test.js",
          "file": "\\steps\\students_test.js",
          "beforeHooks": [
            {
              "title": "\"before all\" hook: codeceptjs.beforeSuite in \"students\"",
              "fullTitle": "students \"before all\" hook: codeceptjs.beforeSuite in \"students\"",
              "timedOut": false,
              "duration": 0,
              "state": null,
              "speed": null,
              "pass": false,
              "fail": false,
              "pending": false,
              "context": null,
              "code": "scenario.suiteSetup(suite)",
              "err": {},
              "uuid": "a2e7b613-87f9-43e2-95e3-a17c3e98d63f",
              "parentUUID": "c0adbbbe-59c6-4860-8bc9-ea97d33be2e8",
              "isHook": true,
              "skipped": false
            },
            {
              "title": "\"before each\" hook: codeceptjs.before in \"students\"",
              "fullTitle": "students \"before each\" hook: codeceptjs.before in \"students\"",
              "timedOut": false,
              "duration": 9743,
              "state": null,
              "speed": null,
              "pass": false,
              "fail": false,
              "pending": false,
              "context": null,
              "code": "scenario.setup(suite)",
              "err": {},
              "uuid": "618e5063-1125-447f-bb5e-989f42e1fd73",
              "parentUUID": "c0adbbbe-59c6-4860-8bc9-ea97d33be2e8",
              "isHook": true,
              "skipped": false
            }
          ],
          "afterHooks": [
            {
              "title": "\"after all\" hook: codeceptjs.afterSuite in \"students\"",
              "fullTitle": "students \"after all\" hook: codeceptjs.afterSuite in \"students\"",
              "timedOut": false,
              "duration": 3,
              "state": null,
              "speed": null,
              "pass": false,
              "fail": false,
              "pending": false,
              "context": null,
              "code": "scenario.suiteTeardown(suite)",
              "err": {},
              "uuid": "0cb63d70-06a2-475b-bd1f-b19f9d8bed1c",
              "parentUUID": "c0adbbbe-59c6-4860-8bc9-ea97d33be2e8",
              "isHook": true,
              "skipped": false
            },
            {
              "title": "\"after each\" hook: finalize codeceptjs in \"students\"",
              "fullTitle": "students \"after each\" hook: finalize codeceptjs in \"students\"",
              "timedOut": false,
              "duration": 569,
              "state": null,
              "speed": null,
              "pass": false,
              "fail": false,
              "pending": false,
              "context": null,
              "code": "scenario.teardown(suite)",
              "err": {},
              "uuid": "3f608392-a5a7-4345-b040-c96157929d3f",
              "parentUUID": "c0adbbbe-59c6-4860-8bc9-ea97d33be2e8",
              "isHook": true,
              "skipped": false
            }
          ],
          "tests": [
            {
              "title": "Add student with success",
              "fullTitle": "students: Add student with success",
              "timedOut": false,
              "duration": 10212,
              "state": "passed",
              "speed": "slow",
              "pass": true,
              "fail": false,
              "pending": false,
              "context": null,
              "code": "I }) => {\n    \n    const code = randonCode.getCode()\n    const name = randonName.getName()\n    login_page.doLogin('teste@teste.com', '123456')\n    home_page.registerStudent(code, name)\n    home_page.searchStudent(name, code)",
              "err": {},
              "uuid": "8f4325d9-b61e-4239-bd91-9b3b0ff7991b",
              "parentUUID": "c0adbbbe-59c6-4860-8bc9-ea97d33be2e8",
              "isHook": false,
              "skipped": false
            }
          ],
          "suites": [],
          "passes": [
            "8f4325d9-b61e-4239-bd91-9b3b0ff7991b"
          ],
          "failures": [],
          "pending": [],
          "skipped": [],
          "duration": 10212,
          "root": false,
          "rootEmpty": false,
          "_timeout": 0
        }
      ],
      "passes": [],
      "failures": [],
      "pending": [],
      "skipped": [],
      "duration": 0,
      "root": true,
      "rootEmpty": true,
      "_timeout": 0
    }
  ],
  "meta": {
    "mocha": {
      "version": "10.0.0"
    },
    "mochawesome": {
      "options": {
        "quiet": false,
        "reportFilename": "[status]_[datetime]-[name]-report",
        "saveHtml": true,
        "saveJson": true,
        "consoleReporter": "spec",
        "useInlineDiffs": false,
        "code": true
      },
      "version": "7.1.3"
    },
    "marge": {
      "options": {
        "reportFilename": "[status]_[datetime]-[name]-report",
        "timestamp": "longDate"
      },
      "version": "6.2.0"
    }
  }
}